2025-07-17 14:10:01,697 - INFO - 📂 Logs serão gravados em: logs/model_log_20250717_141001.log
2025-07-17 14:10:01,697 - INFO - 
==================================================
2025-07-17 14:10:01,697 - INFO - 🚀 INICIANDO PROCESSO DE MODELAGEM
2025-07-17 14:10:01,697 - INFO - ==================================================

2025-07-17 14:10:01,697 - INFO - 📊 Carregando dados...
2025-07-17 14:10:01,743 - INFO - 
🔵 Treinando Regressão Linear...
2025-07-17 14:10:01,787 - INFO - 
══════════════════════════════════════════════════
2025-07-17 14:10:01,787 - INFO - 📊 PERFORMANCE:            REGRESSÃO LINEAR           
2025-07-17 14:10:01,788 - INFO - ══════════════════════════════════════════════════
2025-07-17 14:10:01,788 - INFO - 🔵 TREINO │ R²:  0.2562 │ RMSE:    16.4623
2025-07-17 14:10:01,788 - INFO - 🔴 TESTE  │ R²:  0.2603 │ RMSE:    16.4411
2025-07-17 14:10:01,788 - INFO - ══════════════════════════════════════════════════

2025-07-17 14:10:02,048 - INFO - ✅ Regressão Linear treinado com sucesso.
2025-07-17 14:10:02,180 - INFO - 
📝 Resumo OLS:
                            OLS Regression Results                            
==============================================================================
Dep. Variable:                 target   R-squared:                       0.256
Model:                            OLS   Adj. R-squared:                  0.256
Method:                 Least Squares   F-statistic:                     5591.
Date:                Thu, 17 Jul 2025   Prob (F-statistic):               0.00
Time:                        14:10:02   Log-Likelihood:            -4.1091e+05
No. Observations:               97372   AIC:                         8.218e+05
Df Residuals:                   97365   BIC:                         8.219e+05
Df Model:                           6                                         
Covariance Type:            nonrobust                                         
==============================================================================
                 coef    std err          t      P>|t|      [0.025      0.975]
------------------------------------------------------------------------------
Intercept    -11.5833      0.054   -214.865      0.000     -11.689     -11.478
bz_gsm         0.7309      0.042     17.228      0.000       0.648       0.814
theta_gsm      3.0762      0.056     54.961      0.000       2.967       3.186
mag           -1.8909      0.057    -33.339      0.000      -2.002      -1.780
vel          -10.4187      0.095   -109.828      0.000     -10.605     -10.233
temp           2.7748      0.099     28.053      0.000       2.581       2.969
med           -1.8732      0.060    -31.378      0.000      -1.990      -1.756
==============================================================================
Omnibus:                    70395.679   Durbin-Watson:                   2.014
Prob(Omnibus):                  0.000   Jarque-Bera (JB):          3534163.990
Skew:                          -2.957   Prob(JB):                         0.00
Kurtosis:                      31.916   Cond. No.                         4.27
==============================================================================

Notes:
[1] Standard Errors assume that the covariance matrix of the errors is correctly specified.
2025-07-17 14:10:02,195 - INFO - 
📊 Resumo dos resíduos:
count    9.737200e+04
mean     1.009582e-14
std      1.646239e+01
min     -3.411223e+02
25%     -6.289772e+00
50%      1.318052e+00
75%      8.888873e+00
max      9.200443e+01
dtype: float64
2025-07-17 14:10:02,265 - INFO - 
==================================================
2025-07-17 14:10:02,266 - INFO - 🌳 INICIANDO MODELOS BASEADOS EM ÁRVORE
2025-07-17 14:10:02,266 - INFO - ==================================================

2025-07-17 14:10:02,266 - INFO - 🌳 Treinando Decision Tree...
